<?xml version="1.0" encoding="UTF-8"?>
<!-- Generated by org.testng.reporters.JUnitReportReporter -->
<testsuite hostname="LAPTOP-C9TGNJDV" failures="0" tests="1" name="loginTests.TC01_Login" time="0.341" errors="0" timestamp="2024-10-30T15:42:55 MST" skipped="0">
  <testcase classname="loginTests.TC01_Login" name="TC01" time="0.341"/>
</testsuite> <!-- loginTests.TC01_Login -->
