<?xml version="1.0" encoding="UTF-8"?>
<!-- Generated by org.testng.reporters.JUnitReportReporter -->
<testsuite hostname="LAPTOP-C9TGNJDV" failures="0" tests="1" name="InventoryPage.TC03_VerifyButton" time="0.724" errors="0" timestamp="2024-11-06T17:03:35 MST" skipped="0">
  <testcase classname="InventoryPage.TC03_VerifyButton" name="TC03" time="0.724"/>
</testsuite> <!-- InventoryPage.TC03_VerifyButton -->
