<?xml version="1.0" encoding="UTF-8"?>
<!-- Generated by org.testng.reporters.JUnitReportReporter -->
<testsuite hostname="LAPTOP-C9TGNJDV" failures="0" tests="1" name="inventoryTests.TC03_VerifyRemoveBtn" time="0.700" errors="0" timestamp="2024-11-04T15:40:32 MST" skipped="0">
  <testcase classname="inventoryTests.TC03_VerifyRemoveBtn" name="TC01" time="0.700"/>
</testsuite> <!-- inventoryTests.TC03_VerifyRemoveBtn -->
