<?xml version="1.0" encoding="UTF-8"?>
<!-- Generated by org.testng.reporters.JUnitReportReporter -->
<testsuite hostname="LAPTOP-C9TGNJDV" failures="0" tests="1" name="loginTest.TC02_LoginError" time="0.457" errors="0" timestamp="2024-11-06T17:03:35 MST" skipped="0">
  <testcase classname="loginTest.TC02_LoginError" name="TC02" time="0.457"/>
</testsuite> <!-- loginTest.TC02_LoginError -->
