<?xml version="1.0" encoding="UTF-8"?>
<!-- Generated by org.testng.reporters.JUnitReportReporter -->
<testsuite hostname="LAPTOP-C9TGNJDV" failures="0" tests="1" name="inventoryTests.TC03_VerifyRemoveButton" time="0.649" errors="0" timestamp="2024-11-04T11:02:04 MST" skipped="0">
  <testcase classname="inventoryTests.TC03_VerifyRemoveButton" name="TC01" time="0.649"/>
</testsuite> <!-- inventoryTests.TC03_VerifyRemoveButton -->
